<?xml version="1.0" encoding="UTF-8"?>
<!-- Generated by org.testng.reporters.JUnitReportReporter -->
<testsuite hostname="DESKTOP-FID91T4" failures="0" tests="1" name="com.practice.seleniums2.test.RegisterTest" time="6.178" errors="0" timestamp="2024-02-08T12:43:46 IST" skipped="0">
  <testcase classname="com.practice.seleniums2.test.RegisterTest" name="registerUser" time="6.178"/>
  <system-out/>
</testsuite> <!-- com.practice.seleniums2.test.RegisterTest -->
