<?xml version="1.0" encoding="UTF-8"?>
<!-- Generated by org.testng.reporters.JUnitReportReporter -->
<testsuite hostname="LAPTOP-LE89MGQI" failures="0" tests="1" name="com.practice.seleniums2.test.AddToCartTest" time="4.809" errors="0" timestamp="2024-02-09T10:32:17 IST" skipped="0">
  <testcase classname="com.practice.seleniums2.test.AddToCartTest" name="loginUser" time="4.809"/>
  <system-out/>
</testsuite> <!-- com.practice.seleniums2.test.AddToCartTest -->
