<?xml version="1.0" encoding="UTF-8"?>
<!-- Generated by org.testng.reporters.JUnitReportReporter -->
<testsuite hostname="LAPTOP-LE89MGQI" failures="0" tests="2" name="com.practice.seleniums2.AmazonTest" time="6.833" errors="0" timestamp="2024-02-09T18:11:48 IST" skipped="0">
  <testcase classname="com.practice.seleniums2.AmazonTest" name="testSearch2" time="3.980"/>
  <testcase classname="com.practice.seleniums2.AmazonTest" name="testSearch1" time="2.853"/>
</testsuite> <!-- com.practice.seleniums2.AmazonTest -->
